<?xml version="1.0" encoding="UTF-8"?>
<!-- Generated by org.testng.reporters.JUnitXMLReporter -->
<testsuite hostname="LT-NXT-28-NIKHIL" ignored="0" name="Test" tests="4" failures="0" timestamp="2022-06-15T00:48:21 IST" time="0.068" errors="0">
  <testcase name="firstTestCase" time="0.008" classname="nextenture.javamaven.FirstTest"/>
  <testcase name="fourthTestCase" time="0.001" classname="nextenture.javamaven.FirstTest"/>
  <testcase name="secondTestCase" time="0.0" classname="nextenture.javamaven.secondTest"/>
  <testcase name="thirdTestCase" time="0.001" classname="nextenture.javamaven.secondTest"/>
</testsuite> <!-- Test -->
