<?xml version="1.0" encoding="UTF-8"?>
<testng-results skipped="0" failed="0" ignored="0" total="4" passed="4">
  <reporter-output>
  </reporter-output>
  <suite name="Suite" duration-ms="68" started-at="2022-06-15T00:48:21 IST" finished-at="2022-06-15T00:48:21 IST">
    <groups>
    </groups>
    <test name="Test" duration-ms="68" started-at="2022-06-15T00:48:21 IST" finished-at="2022-06-15T00:48:21 IST">
      <class name="nextenture.javamaven.FirstTest">
        <test-method status="PASS" signature="firstTestCase()[pri:0, instance:nextenture.javamaven.FirstTest@69a3d1d]" name="firstTestCase" duration-ms="8" started-at="2022-06-15T00:48:21 IST" finished-at="2022-06-15T00:48:21 IST">
          <reporter-output>
          </reporter-output>
        </test-method> <!-- firstTestCase -->
        <test-method status="PASS" signature="fourthTestCase()[pri:0, instance:nextenture.javamaven.FirstTest@69a3d1d]" name="fourthTestCase" duration-ms="1" started-at="2022-06-15T00:48:21 IST" finished-at="2022-06-15T00:48:21 IST">
          <reporter-output>
          </reporter-output>
        </test-method> <!-- fourthTestCase -->
      </class> <!-- nextenture.javamaven.FirstTest -->
      <class name="nextenture.javamaven.secondTest">
        <test-method status="PASS" signature="secondTestCase()[pri:0, instance:nextenture.javamaven.secondTest@307f6b8c]" name="secondTestCase" duration-ms="0" started-at="2022-06-15T00:48:21 IST" finished-at="2022-06-15T00:48:21 IST">
          <reporter-output>
          </reporter-output>
        </test-method> <!-- secondTestCase -->
        <test-method status="PASS" signature="thirdTestCase()[pri:0, instance:nextenture.javamaven.secondTest@307f6b8c]" name="thirdTestCase" duration-ms="1" started-at="2022-06-15T00:48:21 IST" finished-at="2022-06-15T00:48:21 IST">
          <reporter-output>
          </reporter-output>
        </test-method> <!-- thirdTestCase -->
      </class> <!-- nextenture.javamaven.secondTest -->
    </test> <!-- Test -->
  </suite> <!-- Suite -->
</testng-results>
